

Started GET "/" for 127.0.0.1 at 2015-09-24 13:58:29 -0400

Gem::LoadError (Specified 'mysql2' for database adapter, but the gem is not loaded. Add `gem 'mysql2'` to your Gemfile (and ensure its version is at the minimum required by ActiveRecord).):
  activerecord (4.2.3) lib/active_record/connection_adapters/connection_specification.rb:177:in `rescue in spec'
  activerecord (4.2.3) lib/active_record/connection_adapters/connection_specification.rb:174:in `spec'
  activerecord (4.2.3) lib/active_record/connection_handling.rb:50:in `establish_connection'
  activerecord (4.2.3) lib/active_record/railtie.rb:120:in `block (2 levels) in <class:Railtie>'
  activesupport (4.2.3) lib/active_support/lazy_load_hooks.rb:38:in `instance_eval'
  activesupport (4.2.3) lib/active_support/lazy_load_hooks.rb:38:in `execute_hook'
  activesupport (4.2.3) lib/active_support/lazy_load_hooks.rb:45:in `block in run_load_hooks'
  activesupport (4.2.3) lib/active_support/lazy_load_hooks.rb:44:in `each'
  activesupport (4.2.3) lib/active_support/lazy_load_hooks.rb:44:in `run_load_hooks'
  activerecord (4.2.3) lib/active_record/base.rb:315:in `<module:ActiveRecord>'
  activerecord (4.2.3) lib/active_record/base.rb:26:in `<top (required)>'
  activerecord (4.2.3) lib/active_record/migration.rb:383:in `connection'
  activerecord (4.2.3) lib/active_record/migration.rb:370:in `call'
  actionpack (4.2.3) lib/action_dispatch/middleware/callbacks.rb:29:in `block in call'
  activesupport (4.2.3) lib/active_support/callbacks.rb:84:in `run_callbacks'
  actionpack (4.2.3) lib/action_dispatch/middleware/callbacks.rb:27:in `call'
  actionpack (4.2.3) lib/action_dispatch/middleware/reloader.rb:73:in `call'
  actionpack (4.2.3) lib/action_dispatch/middleware/remote_ip.rb:78:in `call'
  actionpack (4.2.3) lib/action_dispatch/middleware/debug_exceptions.rb:17:in `call'
  web-console (2.2.1) lib/web_console/middleware.rb:39:in `call'
  actionpack (4.2.3) lib/action_dispatch/middleware/show_exceptions.rb:30:in `call'
  railties (4.2.3) lib/rails/rack/logger.rb:38:in `call_app'
  railties (4.2.3) lib/rails/rack/logger.rb:20:in `block in call'
  activesupport (4.2.3) lib/active_support/tagged_logging.rb:68:in `block in tagged'
  activesupport (4.2.3) lib/active_support/tagged_logging.rb:26:in `tagged'
  activesupport (4.2.3) lib/active_support/tagged_logging.rb:68:in `tagged'
  railties (4.2.3) lib/rails/rack/logger.rb:20:in `call'
  actionpack (4.2.3) lib/action_dispatch/middleware/request_id.rb:21:in `call'
  rack (1.6.4) lib/rack/methodoverride.rb:22:in `call'
  rack (1.6.4) lib/rack/runtime.rb:18:in `call'
  activesupport (4.2.3) lib/active_support/cache/strategy/local_cache_middleware.rb:28:in `call'
  rack (1.6.4) lib/rack/lock.rb:17:in `call'
  actionpack (4.2.3) lib/action_dispatch/middleware/static.rb:116:in `call'
  rack (1.6.4) lib/rack/sendfile.rb:113:in `call'
  railties (4.2.3) lib/rails/engine.rb:518:in `call'
  railties (4.2.3) lib/rails/application.rb:165:in `call'
  rack (1.6.4) lib/rack/lock.rb:17:in `call'
  rack (1.6.4) lib/rack/content_length.rb:15:in `call'
  rack (1.6.4) lib/rack/handler/webrick.rb:88:in `service'
  /home/vini/.rvm/rubies/ruby-2.1.1/lib/ruby/2.1.0/webrick/httpserver.rb:138:in `service'
  /home/vini/.rvm/rubies/ruby-2.1.1/lib/ruby/2.1.0/webrick/httpserver.rb:94:in `run'
  /home/vini/.rvm/rubies/ruby-2.1.1/lib/ruby/2.1.0/webrick/server.rb:295:in `block in start_thread'


  Rendered /home/vini/.rvm/gems/ruby-2.1.1/gems/actionpack-4.2.3/lib/action_dispatch/middleware/templates/rescues/_source.erb (2.6ms)
  Rendered /home/vini/.rvm/gems/ruby-2.1.1/gems/actionpack-4.2.3/lib/action_dispatch/middleware/templates/rescues/_trace.html.erb (1.5ms)
  Rendered /home/vini/.rvm/gems/ruby-2.1.1/gems/actionpack-4.2.3/lib/action_dispatch/middleware/templates/rescues/_request_and_response.html.erb (1.6ms)
  Rendered /home/vini/.rvm/gems/ruby-2.1.1/gems/actionpack-4.2.3/lib/action_dispatch/middleware/templates/rescues/diagnostics.html.erb within rescues/layout (32.4ms)
  Rendered /home/vini/.rvm/gems/ruby-2.1.1/gems/web-console-2.2.1/lib/web_console/templates/_markup.html.erb (0.5ms)
  Rendered /home/vini/.rvm/gems/ruby-2.1.1/gems/web-console-2.2.1/lib/web_console/templates/_inner_console_markup.html.erb within layouts/inlined_string (0.4ms)
  Rendered /home/vini/.rvm/gems/ruby-2.1.1/gems/web-console-2.2.1/lib/web_console/templates/_prompt_box_markup.html.erb within layouts/inlined_string (0.5ms)
  Rendered /home/vini/.rvm/gems/ruby-2.1.1/gems/web-console-2.2.1/lib/web_console/templates/style.css.erb within layouts/inlined_string (5.8ms)
  Rendered /home/vini/.rvm/gems/ruby-2.1.1/gems/web-console-2.2.1/lib/web_console/templates/console.js.erb within layouts/javascript (33.4ms)
  Rendered /home/vini/.rvm/gems/ruby-2.1.1/gems/web-console-2.2.1/lib/web_console/templates/main.js.erb within layouts/javascript (0.3ms)
  Rendered /home/vini/.rvm/gems/ruby-2.1.1/gems/web-console-2.2.1/lib/web_console/templates/error_page.js.erb within layouts/javascript (0.4ms)
  Rendered /home/vini/.rvm/gems/ruby-2.1.1/gems/web-console-2.2.1/lib/web_console/templates/index.html.erb (87.3ms)


Started GET "/" for 127.0.0.1 at 2015-09-24 14:13:31 -0400

Gem::LoadError (Specified 'mysql2' for database adapter, but the gem is not loaded. Add `gem 'mysql2'` to your Gemfile (and ensure its version is at the minimum required by ActiveRecord).):
  activerecord (4.2.3) lib/active_record/connection_adapters/connection_specification.rb:177:in `rescue in spec'
  activerecord (4.2.3) lib/active_record/connection_adapters/connection_specification.rb:174:in `spec'
  activerecord (4.2.3) lib/active_record/connection_handling.rb:50:in `establish_connection'
  activerecord (4.2.3) lib/active_record/railtie.rb:120:in `block (2 levels) in <class:Railtie>'
  activesupport (4.2.3) lib/active_support/lazy_load_hooks.rb:38:in `instance_eval'
  activesupport (4.2.3) lib/active_support/lazy_load_hooks.rb:38:in `execute_hook'
  activesupport (4.2.3) lib/active_support/lazy_load_hooks.rb:45:in `block in run_load_hooks'
  activesupport (4.2.3) lib/active_support/lazy_load_hooks.rb:44:in `each'
  activesupport (4.2.3) lib/active_support/lazy_load_hooks.rb:44:in `run_load_hooks'
  activerecord (4.2.3) lib/active_record/base.rb:315:in `<module:ActiveRecord>'
  activerecord (4.2.3) lib/active_record/base.rb:26:in `<top (required)>'
  activerecord (4.2.3) lib/active_record/migration.rb:383:in `connection'
  activerecord (4.2.3) lib/active_record/migration.rb:370:in `call'
  actionpack (4.2.3) lib/action_dispatch/middleware/callbacks.rb:29:in `block in call'
  activesupport (4.2.3) lib/active_support/callbacks.rb:84:in `run_callbacks'
  actionpack (4.2.3) lib/action_dispatch/middleware/callbacks.rb:27:in `call'
  actionpack (4.2.3) lib/action_dispatch/middleware/reloader.rb:73:in `call'
  actionpack (4.2.3) lib/action_dispatch/middleware/remote_ip.rb:78:in `call'
  actionpack (4.2.3) lib/action_dispatch/middleware/debug_exceptions.rb:17:in `call'
  web-console (2.2.1) lib/web_console/middleware.rb:39:in `call'
  actionpack (4.2.3) lib/action_dispatch/middleware/show_exceptions.rb:30:in `call'
  railties (4.2.3) lib/rails/rack/logger.rb:38:in `call_app'
  railties (4.2.3) lib/rails/rack/logger.rb:20:in `block in call'
  activesupport (4.2.3) lib/active_support/tagged_logging.rb:68:in `block in tagged'
  activesupport (4.2.3) lib/active_support/tagged_logging.rb:26:in `tagged'
  activesupport (4.2.3) lib/active_support/tagged_logging.rb:68:in `tagged'
  railties (4.2.3) lib/rails/rack/logger.rb:20:in `call'
  actionpack (4.2.3) lib/action_dispatch/middleware/request_id.rb:21:in `call'
  rack (1.6.4) lib/rack/methodoverride.rb:22:in `call'
  rack (1.6.4) lib/rack/runtime.rb:18:in `call'
  activesupport (4.2.3) lib/active_support/cache/strategy/local_cache_middleware.rb:28:in `call'
  rack (1.6.4) lib/rack/lock.rb:17:in `call'
  actionpack (4.2.3) lib/action_dispatch/middleware/static.rb:116:in `call'
  rack (1.6.4) lib/rack/sendfile.rb:113:in `call'
  railties (4.2.3) lib/rails/engine.rb:518:in `call'
  railties (4.2.3) lib/rails/application.rb:165:in `call'
  rack (1.6.4) lib/rack/lock.rb:17:in `call'
  rack (1.6.4) lib/rack/content_length.rb:15:in `call'
  rack (1.6.4) lib/rack/handler/webrick.rb:88:in `service'
  /home/vini/.rvm/rubies/ruby-2.1.1/lib/ruby/2.1.0/webrick/httpserver.rb:138:in `service'
  /home/vini/.rvm/rubies/ruby-2.1.1/lib/ruby/2.1.0/webrick/httpserver.rb:94:in `run'
  /home/vini/.rvm/rubies/ruby-2.1.1/lib/ruby/2.1.0/webrick/server.rb:295:in `block in start_thread'


  Rendered /home/vini/.rvm/gems/ruby-2.1.1/gems/actionpack-4.2.3/lib/action_dispatch/middleware/templates/rescues/_source.erb (18.9ms)
  Rendered /home/vini/.rvm/gems/ruby-2.1.1/gems/actionpack-4.2.3/lib/action_dispatch/middleware/templates/rescues/_trace.html.erb (11.8ms)
  Rendered /home/vini/.rvm/gems/ruby-2.1.1/gems/actionpack-4.2.3/lib/action_dispatch/middleware/templates/rescues/_request_and_response.html.erb (13.9ms)
  Rendered /home/vini/.rvm/gems/ruby-2.1.1/gems/actionpack-4.2.3/lib/action_dispatch/middleware/templates/rescues/diagnostics.html.erb within rescues/layout (164.1ms)
  Rendered /home/vini/.rvm/gems/ruby-2.1.1/gems/web-console-2.2.1/lib/web_console/templates/_markup.html.erb (2.3ms)
  Rendered /home/vini/.rvm/gems/ruby-2.1.1/gems/web-console-2.2.1/lib/web_console/templates/_inner_console_markup.html.erb within layouts/inlined_string (3.8ms)
  Rendered /home/vini/.rvm/gems/ruby-2.1.1/gems/web-console-2.2.1/lib/web_console/templates/_prompt_box_markup.html.erb within layouts/inlined_string (1.7ms)
  Rendered /home/vini/.rvm/gems/ruby-2.1.1/gems/web-console-2.2.1/lib/web_console/templates/style.css.erb within layouts/inlined_string (1.6ms)
  Rendered /home/vini/.rvm/gems/ruby-2.1.1/gems/web-console-2.2.1/lib/web_console/templates/console.js.erb within layouts/javascript (277.4ms)
  Rendered /home/vini/.rvm/gems/ruby-2.1.1/gems/web-console-2.2.1/lib/web_console/templates/main.js.erb within layouts/javascript (5.6ms)
  Rendered /home/vini/.rvm/gems/ruby-2.1.1/gems/web-console-2.2.1/lib/web_console/templates/error_page.js.erb within layouts/javascript (2.5ms)
  Rendered /home/vini/.rvm/gems/ruby-2.1.1/gems/web-console-2.2.1/lib/web_console/templates/index.html.erb (539.6ms)


Started GET "/" for 127.0.0.1 at 2015-09-24 14:13:49 -0400

Gem::LoadError (Specified 'mysql2' for database adapter, but the gem is not loaded. Add `gem 'mysql2'` to your Gemfile (and ensure its version is at the minimum required by ActiveRecord).):
  activerecord (4.2.3) lib/active_record/connection_adapters/connection_specification.rb:177:in `rescue in spec'
  activerecord (4.2.3) lib/active_record/connection_adapters/connection_specification.rb:174:in `spec'
  activerecord (4.2.3) lib/active_record/connection_handling.rb:50:in `establish_connection'
  activerecord (4.2.3) lib/active_record/railtie.rb:120:in `block (2 levels) in <class:Railtie>'
  activesupport (4.2.3) lib/active_support/lazy_load_hooks.rb:38:in `instance_eval'
  activesupport (4.2.3) lib/active_support/lazy_load_hooks.rb:38:in `execute_hook'
  activesupport (4.2.3) lib/active_support/lazy_load_hooks.rb:45:in `block in run_load_hooks'
  activesupport (4.2.3) lib/active_support/lazy_load_hooks.rb:44:in `each'
  activesupport (4.2.3) lib/active_support/lazy_load_hooks.rb:44:in `run_load_hooks'
  activerecord (4.2.3) lib/active_record/base.rb:315:in `<module:ActiveRecord>'
  activerecord (4.2.3) lib/active_record/base.rb:26:in `<top (required)>'
  activerecord (4.2.3) lib/active_record/migration.rb:383:in `connection'
  activerecord (4.2.3) lib/active_record/migration.rb:370:in `call'
  actionpack (4.2.3) lib/action_dispatch/middleware/callbacks.rb:29:in `block in call'
  activesupport (4.2.3) lib/active_support/callbacks.rb:84:in `run_callbacks'
  actionpack (4.2.3) lib/action_dispatch/middleware/callbacks.rb:27:in `call'
  actionpack (4.2.3) lib/action_dispatch/middleware/reloader.rb:73:in `call'
  actionpack (4.2.3) lib/action_dispatch/middleware/remote_ip.rb:78:in `call'
  actionpack (4.2.3) lib/action_dispatch/middleware/debug_exceptions.rb:17:in `call'
  web-console (2.2.1) lib/web_console/middleware.rb:39:in `call'
  actionpack (4.2.3) lib/action_dispatch/middleware/show_exceptions.rb:30:in `call'
  railties (4.2.3) lib/rails/rack/logger.rb:38:in `call_app'
  railties (4.2.3) lib/rails/rack/logger.rb:20:in `block in call'
  activesupport (4.2.3) lib/active_support/tagged_logging.rb:68:in `block in tagged'
  activesupport (4.2.3) lib/active_support/tagged_logging.rb:26:in `tagged'
  activesupport (4.2.3) lib/active_support/tagged_logging.rb:68:in `tagged'
  railties (4.2.3) lib/rails/rack/logger.rb:20:in `call'
  actionpack (4.2.3) lib/action_dispatch/middleware/request_id.rb:21:in `call'
  rack (1.6.4) lib/rack/methodoverride.rb:22:in `call'
  rack (1.6.4) lib/rack/runtime.rb:18:in `call'
  activesupport (4.2.3) lib/active_support/cache/strategy/local_cache_middleware.rb:28:in `call'
  rack (1.6.4) lib/rack/lock.rb:17:in `call'
  actionpack (4.2.3) lib/action_dispatch/middleware/static.rb:116:in `call'
  rack (1.6.4) lib/rack/sendfile.rb:113:in `call'
  railties (4.2.3) lib/rails/engine.rb:518:in `call'
  railties (4.2.3) lib/rails/application.rb:165:in `call'
  rack (1.6.4) lib/rack/lock.rb:17:in `call'
  rack (1.6.4) lib/rack/content_length.rb:15:in `call'
  rack (1.6.4) lib/rack/handler/webrick.rb:88:in `service'
  /home/vini/.rvm/rubies/ruby-2.1.1/lib/ruby/2.1.0/webrick/httpserver.rb:138:in `service'
  /home/vini/.rvm/rubies/ruby-2.1.1/lib/ruby/2.1.0/webrick/httpserver.rb:94:in `run'
  /home/vini/.rvm/rubies/ruby-2.1.1/lib/ruby/2.1.0/webrick/server.rb:295:in `block in start_thread'


  Rendered /home/vini/.rvm/gems/ruby-2.1.1/gems/actionpack-4.2.3/lib/action_dispatch/middleware/templates/rescues/_source.erb (11.5ms)
  Rendered /home/vini/.rvm/gems/ruby-2.1.1/gems/actionpack-4.2.3/lib/action_dispatch/middleware/templates/rescues/_trace.html.erb (27.4ms)
  Rendered /home/vini/.rvm/gems/ruby-2.1.1/gems/actionpack-4.2.3/lib/action_dispatch/middleware/templates/rescues/_request_and_response.html.erb (3.2ms)
  Rendered /home/vini/.rvm/gems/ruby-2.1.1/gems/actionpack-4.2.3/lib/action_dispatch/middleware/templates/rescues/diagnostics.html.erb within rescues/layout (127.8ms)
  Rendered /home/vini/.rvm/gems/ruby-2.1.1/gems/web-console-2.2.1/lib/web_console/templates/_markup.html.erb (2.4ms)
  Rendered /home/vini/.rvm/gems/ruby-2.1.1/gems/web-console-2.2.1/lib/web_console/templates/_inner_console_markup.html.erb within layouts/inlined_string (2.9ms)
  Rendered /home/vini/.rvm/gems/ruby-2.1.1/gems/web-console-2.2.1/lib/web_console/templates/_prompt_box_markup.html.erb within layouts/inlined_string (1.7ms)
  Rendered /home/vini/.rvm/gems/ruby-2.1.1/gems/web-console-2.2.1/lib/web_console/templates/style.css.erb within layouts/inlined_string (23.6ms)
  Rendered /home/vini/.rvm/gems/ruby-2.1.1/gems/web-console-2.2.1/lib/web_console/templates/console.js.erb within layouts/javascript (260.1ms)
  Rendered /home/vini/.rvm/gems/ruby-2.1.1/gems/web-console-2.2.1/lib/web_console/templates/main.js.erb within layouts/javascript (2.4ms)
  Rendered /home/vini/.rvm/gems/ruby-2.1.1/gems/web-console-2.2.1/lib/web_console/templates/error_page.js.erb within layouts/javascript (2.8ms)
  Rendered /home/vini/.rvm/gems/ruby-2.1.1/gems/web-console-2.2.1/lib/web_console/templates/index.html.erb (489.3ms)
